<?xml version="1.0" encoding="UTF-8"?>
<coverage generated="1679042555733" clover="3.2.0">
  <project timestamp="1679042555733" name="All files">
    <metrics statements="155" coveredstatements="35" conditionals="59" coveredconditionals="6" methods="67" coveredmethods="11" elements="281" coveredelements="52" complexity="0" loc="155" ncloc="155" packages="15" files="20" classes="20"/>
    <package name="src">
      <metrics statements="36" coveredstatements="0" conditionals="9" coveredconditionals="0" methods="15" coveredmethods="0"/>
      <file name="App.jsx" path="C:\Users\lvasquca\Documents\PruebaTecnicaInditex\phone-shop-prueba-luis\phone-shop-prueba-luis\src\App.jsx">
        <metrics statements="34" coveredstatements="0" conditionals="9" coveredconditionals="0" methods="15" coveredmethods="0"/>
        <line num="10" count="0" type="stmt"/>
        <line num="11" count="0" type="stmt"/>
        <line num="12" count="0" type="stmt"/>
        <line num="13" count="0" type="stmt"/>
        <line num="16" count="0" type="stmt"/>
        <line num="17" count="0" type="stmt"/>
        <line num="18" count="0" type="stmt"/>
        <line num="19" count="0" type="stmt"/>
        <line num="20" count="0" type="stmt"/>
        <line num="23" count="0" type="cond" truecount="0" falsecount="3"/>
        <line num="26" count="0" type="stmt"/>
        <line num="27" count="0" type="stmt"/>
        <line num="28" count="0" type="stmt"/>
        <line num="31" count="0" type="stmt"/>
        <line num="36" count="0" type="cond" truecount="0" falsecount="2"/>
        <line num="38" count="0" type="stmt"/>
        <line num="39" count="0" type="stmt"/>
        <line num="40" count="0" type="stmt"/>
        <line num="42" count="0" type="stmt"/>
        <line num="46" count="0" type="stmt"/>
        <line num="47" count="0" type="stmt"/>
        <line num="49" count="0" type="stmt"/>
        <line num="51" count="0" type="stmt"/>
        <line num="53" count="0" type="stmt"/>
        <line num="59" count="0" type="stmt"/>
        <line num="60" count="0" type="cond" truecount="0" falsecount="4"/>
        <line num="61" count="0" type="stmt"/>
        <line num="62" count="0" type="stmt"/>
        <line num="63" count="0" type="stmt"/>
        <line num="66" count="0" type="stmt"/>
        <line num="67" count="0" type="stmt"/>
        <line num="71" count="0" type="stmt"/>
        <line num="85" count="0" type="stmt"/>
        <line num="87" count="0" type="stmt"/>
      </file>
      <file name="main.jsx" path="C:\Users\lvasquca\Documents\PruebaTecnicaInditex\phone-shop-prueba-luis\phone-shop-prueba-luis\src\main.jsx">
        <metrics statements="2" coveredstatements="0" conditionals="0" coveredconditionals="0" methods="0" coveredmethods="0"/>
        <line num="6" count="0" type="stmt"/>
        <line num="7" count="0" type="stmt"/>
      </file>
    </package>
    <package name="src.components.app-breadcrumb">
      <metrics statements="15" coveredstatements="12" conditionals="4" coveredconditionals="2" methods="5" coveredmethods="4"/>
      <file name="app-breadcrumb.jsx" path="C:\Users\lvasquca\Documents\PruebaTecnicaInditex\phone-shop-prueba-luis\phone-shop-prueba-luis\src\components\app-breadcrumb\app-breadcrumb.jsx">
        <metrics statements="15" coveredstatements="12" conditionals="4" coveredconditionals="2" methods="5" coveredmethods="4"/>
        <line num="6" count="1" type="stmt"/>
        <line num="7" count="1" type="stmt"/>
        <line num="8" count="1" type="stmt"/>
        <line num="9" count="1" type="stmt"/>
        <line num="12" count="1" type="stmt"/>
        <line num="13" count="2" type="cond" truecount="1" falsecount="1"/>
        <line num="14" count="2" type="stmt"/>
        <line num="19" count="0" type="stmt"/>
        <line num="20" count="0" type="stmt"/>
        <line num="28" count="0" type="stmt"/>
        <line num="33" count="1" type="stmt"/>
        <line num="34" count="1" type="cond" truecount="1" falsecount="1"/>
        <line num="35" count="1" type="stmt"/>
        <line num="36" count="1" type="stmt"/>
        <line num="39" count="1" type="stmt"/>
      </file>
    </package>
    <package name="src.components.app-header">
      <metrics statements="7" coveredstatements="5" conditionals="2" coveredconditionals="1" methods="3" coveredmethods="1"/>
      <file name="app-header.const.js" path="C:\Users\lvasquca\Documents\PruebaTecnicaInditex\phone-shop-prueba-luis\phone-shop-prueba-luis\src\components\app-header\app-header.const.js">
        <metrics statements="1" coveredstatements="1" conditionals="0" coveredconditionals="0" methods="0" coveredmethods="0"/>
        <line num="1" count="1" type="stmt"/>
      </file>
      <file name="app-header.jsx" path="C:\Users\lvasquca\Documents\PruebaTecnicaInditex\phone-shop-prueba-luis\phone-shop-prueba-luis\src\components\app-header\app-header.jsx">
        <metrics statements="6" coveredstatements="4" conditionals="2" coveredconditionals="1" methods="3" coveredmethods="1"/>
        <line num="7" count="1" type="stmt"/>
        <line num="8" count="1" type="stmt"/>
        <line num="9" count="1" type="stmt"/>
        <line num="10" count="1" type="stmt"/>
        <line num="12" count="0" type="stmt"/>
        <line num="17" count="0" type="stmt"/>
      </file>
    </package>
    <package name="src.components.phone-card">
      <metrics statements="6" coveredstatements="2" conditionals="0" coveredconditionals="0" methods="2" coveredmethods="1"/>
      <file name="phone-card.jsx" path="C:\Users\lvasquca\Documents\PruebaTecnicaInditex\phone-shop-prueba-luis\phone-shop-prueba-luis\src\components\phone-card\phone-card.jsx">
        <metrics statements="6" coveredstatements="2" conditionals="0" coveredconditionals="0" methods="2" coveredmethods="1"/>
        <line num="7" count="5" type="stmt"/>
        <line num="8" count="4" type="stmt"/>
        <line num="9" count="0" type="stmt"/>
        <line num="10" count="0" type="stmt"/>
        <line num="12" count="0" type="stmt"/>
        <line num="13" count="0" type="stmt"/>
      </file>
    </package>
    <package name="src.components.phone-colors">
      <metrics statements="6" coveredstatements="2" conditionals="2" coveredconditionals="0" methods="4" coveredmethods="1"/>
      <file name="phone-colors.jsx" path="C:\Users\lvasquca\Documents\PruebaTecnicaInditex\phone-shop-prueba-luis\phone-shop-prueba-luis\src\components\phone-colors\phone-colors.jsx">
        <metrics statements="6" coveredstatements="2" conditionals="2" coveredconditionals="0" methods="4" coveredmethods="1"/>
        <line num="5" count="0" type="stmt"/>
        <line num="6" count="0" type="stmt"/>
        <line num="13" count="0" type="stmt"/>
        <line num="22" count="1" type="stmt"/>
        <line num="23" count="1" type="stmt"/>
        <line num="25" count="0" type="stmt"/>
      </file>
    </package>
    <package name="src.components.phone-price">
      <metrics statements="4" coveredstatements="3" conditionals="6" coveredconditionals="2" methods="3" coveredmethods="2"/>
      <file name="phone-price.jsx" path="C:\Users\lvasquca\Documents\PruebaTecnicaInditex\phone-shop-prueba-luis\phone-shop-prueba-luis\src\components\phone-price\phone-price.jsx">
        <metrics statements="4" coveredstatements="3" conditionals="6" coveredconditionals="2" methods="3" coveredmethods="2"/>
        <line num="5" count="1" type="stmt"/>
        <line num="7" count="1" type="stmt"/>
        <line num="16" count="0" type="stmt"/>
        <line num="24" count="1" type="cond" truecount="1" falsecount="1"/>
      </file>
    </package>
    <package name="src.components.phone-storages">
      <metrics statements="9" coveredstatements="3" conditionals="4" coveredconditionals="0" methods="4" coveredmethods="1"/>
      <file name="phone-storages.jsx" path="C:\Users\lvasquca\Documents\PruebaTecnicaInditex\phone-shop-prueba-luis\phone-shop-prueba-luis\src\components\phone-storages\phone-storages.jsx">
        <metrics statements="9" coveredstatements="3" conditionals="4" coveredconditionals="0" methods="4" coveredmethods="1"/>
        <line num="4" count="1" type="stmt"/>
        <line num="6" count="0" type="stmt"/>
        <line num="12" count="0" type="stmt"/>
        <line num="13" count="0" type="cond" truecount="0" falsecount="2"/>
        <line num="14" count="0" type="stmt"/>
        <line num="16" count="0" type="stmt"/>
        <line num="26" count="1" type="stmt"/>
        <line num="27" count="1" type="stmt"/>
        <line num="29" count="0" type="stmt"/>
      </file>
    </package>
    <package name="src.components.search-input-box">
      <metrics statements="17" coveredstatements="7" conditionals="8" coveredconditionals="1" methods="4" coveredmethods="1"/>
      <file name="search-input-box.jsx" path="C:\Users\lvasquca\Documents\PruebaTecnicaInditex\phone-shop-prueba-luis\phone-shop-prueba-luis\src\components\search-input-box\search-input-box.jsx">
        <metrics statements="17" coveredstatements="7" conditionals="8" coveredconditionals="1" methods="4" coveredmethods="1"/>
        <line num="5" count="1" type="stmt"/>
        <line num="6" count="1" type="stmt"/>
        <line num="7" count="1" type="stmt"/>
        <line num="9" count="1" type="stmt"/>
        <line num="10" count="0" type="stmt"/>
        <line num="11" count="0" type="stmt"/>
        <line num="12" count="0" type="stmt"/>
        <line num="14" count="1" type="stmt"/>
        <line num="15" count="0" type="stmt"/>
        <line num="16" count="0" type="stmt"/>
        <line num="17" count="0" type="stmt"/>
        <line num="18" count="0" type="cond" truecount="0" falsecount="4"/>
        <line num="19" count="0" type="stmt"/>
        <line num="23" count="1" type="stmt"/>
        <line num="24" count="0" type="cond" truecount="0" falsecount="2"/>
        <line num="25" count="0" type="stmt"/>
        <line num="28" count="1" type="stmt"/>
      </file>
    </package>
    <package name="src.context">
      <metrics statements="1" coveredstatements="1" conditionals="0" coveredconditionals="0" methods="3" coveredmethods="0"/>
      <file name="Context.jsx" path="C:\Users\lvasquca\Documents\PruebaTecnicaInditex\phone-shop-prueba-luis\phone-shop-prueba-luis\src\context\Context.jsx">
        <metrics statements="1" coveredstatements="1" conditionals="0" coveredconditionals="0" methods="3" coveredmethods="0"/>
        <line num="3" count="2" type="stmt"/>
      </file>
    </package>
    <package name="src.infrastructure.api-methods">
      <metrics statements="12" coveredstatements="0" conditionals="4" coveredconditionals="0" methods="6" coveredmethods="0"/>
      <file name="fetch-api.jsx" path="C:\Users\lvasquca\Documents\PruebaTecnicaInditex\phone-shop-prueba-luis\phone-shop-prueba-luis\src\infrastructure\api-methods\fetch-api.jsx">
        <metrics statements="8" coveredstatements="0" conditionals="4" coveredconditionals="0" methods="3" coveredmethods="0"/>
        <line num="3" count="0" type="stmt"/>
        <line num="5" count="0" type="stmt"/>
        <line num="6" count="0" type="cond" truecount="0" falsecount="4"/>
        <line num="7" count="0" type="stmt"/>
        <line num="9" count="0" type="stmt"/>
        <line num="10" count="0" type="stmt"/>
        <line num="12" count="0" type="stmt"/>
        <line num="13" count="0" type="stmt"/>
      </file>
      <file name="post-api.jsx" path="C:\Users\lvasquca\Documents\PruebaTecnicaInditex\phone-shop-prueba-luis\phone-shop-prueba-luis\src\infrastructure\api-methods\post-api.jsx">
        <metrics statements="4" coveredstatements="0" conditionals="0" coveredconditionals="0" methods="3" coveredmethods="0"/>
        <line num="2" count="0" type="stmt"/>
        <line num="7" count="0" type="stmt"/>
        <line num="8" count="0" type="stmt"/>
        <line num="9" count="0" type="stmt"/>
      </file>
    </package>
    <package name="src.infrastructure.api_functions">
      <metrics statements="3" coveredstatements="0" conditionals="0" coveredconditionals="0" methods="3" coveredmethods="0"/>
      <file name="api-get-item.jsx" path="C:\Users\lvasquca\Documents\PruebaTecnicaInditex\phone-shop-prueba-luis\phone-shop-prueba-luis\src\infrastructure\api_functions\api-get-item.jsx">
        <metrics statements="1" coveredstatements="0" conditionals="0" coveredconditionals="0" methods="1" coveredmethods="0"/>
        <line num="5" count="0" type="stmt"/>
      </file>
      <file name="api-get-list.jsx" path="C:\Users\lvasquca\Documents\PruebaTecnicaInditex\phone-shop-prueba-luis\phone-shop-prueba-luis\src\infrastructure\api_functions\api-get-list.jsx">
        <metrics statements="1" coveredstatements="0" conditionals="0" coveredconditionals="0" methods="1" coveredmethods="0"/>
        <line num="5" count="0" type="stmt"/>
      </file>
      <file name="api-post-item.jsx" path="C:\Users\lvasquca\Documents\PruebaTecnicaInditex\phone-shop-prueba-luis\phone-shop-prueba-luis\src\infrastructure\api_functions\api-post-item.jsx">
        <metrics statements="1" coveredstatements="0" conditionals="0" coveredconditionals="0" methods="1" coveredmethods="0"/>
        <line num="5" count="0" type="stmt"/>
      </file>
    </package>
    <package name="src.infrastructure.consts">
      <metrics statements="3" coveredstatements="0" conditionals="0" coveredconditionals="0" methods="0" coveredmethods="0"/>
      <file name="api.consts.jsx" path="C:\Users\lvasquca\Documents\PruebaTecnicaInditex\phone-shop-prueba-luis\phone-shop-prueba-luis\src\infrastructure\consts\api.consts.jsx">
        <metrics statements="3" coveredstatements="0" conditionals="0" coveredconditionals="0" methods="0" coveredmethods="0"/>
        <line num="1" count="0" type="stmt"/>
        <line num="2" count="0" type="stmt"/>
        <line num="3" count="0" type="stmt"/>
      </file>
    </package>
    <package name="src.pages.phones-details-page">
      <metrics statements="16" coveredstatements="0" conditionals="8" coveredconditionals="0" methods="5" coveredmethods="0"/>
      <file name="phone-details-page.jsx" path="C:\Users\lvasquca\Documents\PruebaTecnicaInditex\phone-shop-prueba-luis\phone-shop-prueba-luis\src\pages\phones-details-page\phone-details-page.jsx">
        <metrics statements="16" coveredstatements="0" conditionals="8" coveredconditionals="0" methods="5" coveredmethods="0"/>
        <line num="10" count="0" type="stmt"/>
        <line num="11" count="0" type="stmt"/>
        <line num="12" count="0" type="stmt"/>
        <line num="13" count="0" type="stmt"/>
        <line num="31" count="0" type="stmt"/>
        <line num="33" count="0" type="stmt"/>
        <line num="36" count="0" type="cond" truecount="0" falsecount="6"/>
        <line num="37" count="0" type="stmt"/>
        <line num="42" count="0" type="stmt"/>
        <line num="43" count="0" type="stmt"/>
        <line num="44" count="0" type="stmt"/>
        <line num="45" count="0" type="stmt"/>
        <line num="46" count="0" type="stmt"/>
        <line num="50" count="0" type="stmt"/>
        <line num="127" count="0" type="stmt"/>
        <line num="137" count="0" type="stmt"/>
      </file>
    </package>
    <package name="src.pages.phones-list-page">
      <metrics statements="18" coveredstatements="0" conditionals="12" coveredconditionals="0" methods="8" coveredmethods="0"/>
      <file name="phone-list-page.jsx" path="C:\Users\lvasquca\Documents\PruebaTecnicaInditex\phone-shop-prueba-luis\phone-shop-prueba-luis\src\pages\phones-list-page\phone-list-page.jsx">
        <metrics statements="18" coveredstatements="0" conditionals="12" coveredconditionals="0" methods="8" coveredmethods="0"/>
        <line num="8" count="0" type="stmt"/>
        <line num="10" count="0" type="stmt"/>
        <line num="12" count="0" type="stmt"/>
        <line num="15" count="0" type="stmt"/>
        <line num="17" count="0" type="stmt"/>
        <line num="19" count="0" type="stmt"/>
        <line num="20" count="0" type="cond" truecount="0" falsecount="4"/>
        <line num="21" count="0" type="stmt"/>
        <line num="22" count="0" type="stmt"/>
        <line num="23" count="0" type="stmt"/>
        <line num="24" count="0" type="stmt"/>
        <line num="25" count="0" type="stmt"/>
        <line num="32" count="0" type="stmt"/>
        <line num="34" count="0" type="stmt"/>
        <line num="38" count="0" type="stmt"/>
        <line num="42" count="0" type="stmt"/>
        <line num="50" count="0" type="stmt"/>
        <line num="54" count="0" type="stmt"/>
      </file>
    </package>
    <package name="src.tools.fetch-tools">
      <metrics statements="2" coveredstatements="0" conditionals="0" coveredconditionals="0" methods="2" coveredmethods="0"/>
      <file name="fetch-tools.jsx" path="C:\Users\lvasquca\Documents\PruebaTecnicaInditex\phone-shop-prueba-luis\phone-shop-prueba-luis\src\tools\fetch-tools\fetch-tools.jsx">
        <metrics statements="2" coveredstatements="0" conditionals="0" coveredconditionals="0" methods="2" coveredmethods="0"/>
        <line num="4" count="0" type="stmt"/>
        <line num="5" count="0" type="stmt"/>
      </file>
    </package>
  </project>
</coverage>
