{"C:\\Users\\lvasquca\\Documents\\PruebaTecnicaInditex\\phone-shop-prueba-luis\\phone-shop-prueba-luis\\src\\App.jsx": {"path":"C:\\Users\\lvasquca\\Documents\\PruebaTecnicaInditex\\phone-shop-prueba-luis\\phone-shop-prueba-luis\\src\\App.jsx","statementMap":{"0":{"start":{"line":10,"column":23},"end":{"line":10,"column":91}},"1":{"start":{"line":10,"column":40},"end":{"line":10,"column":90}},"2":{"start":{"line":11,"column":25},"end":{"line":11,"column":99}},"3":{"start":{"line":11,"column":42},"end":{"line":11,"column":98}},"4":{"start":{"line":12,"column":18},"end":{"line":12,"column":80}},"5":{"start":{"line":12,"column":35},"end":{"line":12,"column":79}},"6":{"start":{"line":13,"column":22},"end":{"line":13,"column":92}},"7":{"start":{"line":13,"column":39},"end":{"line":13,"column":91}},"8":{"start":{"line":16,"column":28},"end":{"line":16,"column":39}},"9":{"start":{"line":17,"column":28},"end":{"line":17,"column":44}},"10":{"start":{"line":18,"column":30},"end":{"line":18,"column":42}},"11":{"start":{"line":19,"column":32},"end":{"line":19,"column":44}},"12":{"start":{"line":20,"column":19},"end":{"line":20,"column":32}},"13":{"start":{"line":23,"column":4},"end":{"line":32,"column":5}},"14":{"start":{"line":26,"column":8},"end":{"line":26,"column":22}},"15":{"start":{"line":27,"column":8},"end":{"line":27,"column":22}},"16":{"start":{"line":28,"column":8},"end":{"line":28,"column":14}},"17":{"start":{"line":31,"column":8},"end":{"line":31,"column":14}},"18":{"start":{"line":36,"column":4},"end":{"line":43,"column":5}},"19":{"start":{"line":38,"column":8},"end":{"line":38,"column":22}},"20":{"start":{"line":39,"column":8},"end":{"line":39,"column":22}},"21":{"start":{"line":40,"column":8},"end":{"line":40,"column":14}},"22":{"start":{"line":42,"column":8},"end":{"line":42,"column":14}},"23":{"start":{"line":46,"column":16},"end":{"line":57,"column":3}},"24":{"start":{"line":47,"column":11},"end":{"line":55,"column":5}},"25":{"start":{"line":49,"column":29},"end":{"line":49,"column":47}},"26":{"start":{"line":51,"column":40},"end":{"line":51,"column":58}},"27":{"start":{"line":53,"column":40},"end":{"line":53,"column":60}},"28":{"start":{"line":59,"column":2},"end":{"line":69,"column":15}},"29":{"start":{"line":60,"column":4},"end":{"line":68,"column":5}},"30":{"start":{"line":61,"column":6},"end":{"line":64,"column":9}},"31":{"start":{"line":62,"column":8},"end":{"line":62,"column":24}},"32":{"start":{"line":63,"column":8},"end":{"line":63,"column":44}},"33":{"start":{"line":66,"column":6},"end":{"line":66,"column":21}},"34":{"start":{"line":67,"column":6},"end":{"line":67,"column":20}},"35":{"start":{"line":71,"column":2},"end":{"line":102,"column":4}},"36":{"start":{"line":85,"column":38},"end":{"line":85,"column":58}},"37":{"start":{"line":87,"column":46},"end":{"line":87,"column":70}}},"fnMap":{"0":{"name":"(anonymous_0)","decl":{"start":{"line":10,"column":34},"end":{"line":10,"column":35}},"loc":{"start":{"line":10,"column":40},"end":{"line":10,"column":90}},"line":10},"1":{"name":"(anonymous_1)","decl":{"start":{"line":11,"column":36},"end":{"line":11,"column":37}},"loc":{"start":{"line":11,"column":42},"end":{"line":11,"column":98}},"line":11},"2":{"name":"(anonymous_2)","decl":{"start":{"line":12,"column":29},"end":{"line":12,"column":30}},"loc":{"start":{"line":12,"column":35},"end":{"line":12,"column":79}},"line":12},"3":{"name":"(anonymous_3)","decl":{"start":{"line":13,"column":33},"end":{"line":13,"column":34}},"loc":{"start":{"line":13,"column":39},"end":{"line":13,"column":91}},"line":13},"4":{"name":"App","decl":{"start":{"line":15,"column":16},"end":{"line":15,"column":19}},"loc":{"start":{"line":15,"column":22},"end":{"line":103,"column":1}},"line":15},"5":{"name":"headerOnClick","decl":{"start":{"line":22,"column":11},"end":{"line":22,"column":24}},"loc":{"start":{"line":22,"column":32},"end":{"line":33,"column":3}},"line":22},"6":{"name":"breadcrumbOnClick","decl":{"start":{"line":35,"column":11},"end":{"line":35,"column":28}},"loc":{"start":{"line":35,"column":36},"end":{"line":44,"column":3}},"line":35},"7":{"name":"(anonymous_7)","decl":{"start":{"line":47,"column":4},"end":{"line":47,"column":5}},"loc":{"start":{"line":47,"column":11},"end":{"line":55,"column":5}},"line":47},"8":{"name":"(anonymous_8)","decl":{"start":{"line":49,"column":15},"end":{"line":49,"column":16}},"loc":{"start":{"line":49,"column":29},"end":{"line":49,"column":47}},"line":49},"9":{"name":"(anonymous_9)","decl":{"start":{"line":51,"column":26},"end":{"line":51,"column":27}},"loc":{"start":{"line":51,"column":40},"end":{"line":51,"column":58}},"line":51},"10":{"name":"(anonymous_10)","decl":{"start":{"line":53,"column":25},"end":{"line":53,"column":26}},"loc":{"start":{"line":53,"column":40},"end":{"line":53,"column":60}},"line":53},"11":{"name":"(anonymous_11)","decl":{"start":{"line":59,"column":12},"end":{"line":59,"column":13}},"loc":{"start":{"line":59,"column":18},"end":{"line":69,"column":3}},"line":59},"12":{"name":"(anonymous_12)","decl":{"start":{"line":61,"column":37},"end":{"line":61,"column":38}},"loc":{"start":{"line":61,"column":46},"end":{"line":64,"column":7}},"line":61},"13":{"name":"(anonymous_13)","decl":{"start":{"line":85,"column":27},"end":{"line":85,"column":28}},"loc":{"start":{"line":85,"column":38},"end":{"line":85,"column":58}},"line":85},"14":{"name":"(anonymous_14)","decl":{"start":{"line":87,"column":35},"end":{"line":87,"column":36}},"loc":{"start":{"line":87,"column":46},"end":{"line":87,"column":70}},"line":87}},"branchMap":{"0":{"loc":{"start":{"line":23,"column":4},"end":{"line":32,"column":5}},"type":"switch","locations":[{"start":{"line":24,"column":6},"end":{"line":24,"column":41}},{"start":{"line":25,"column":6},"end":{"line":28,"column":14}},{"start":{"line":30,"column":6},"end":{"line":31,"column":14}}],"line":23},"1":{"loc":{"start":{"line":36,"column":4},"end":{"line":43,"column":5}},"type":"switch","locations":[{"start":{"line":37,"column":6},"end":{"line":40,"column":14}},{"start":{"line":41,"column":6},"end":{"line":42,"column":14}}],"line":36},"2":{"loc":{"start":{"line":60,"column":4},"end":{"line":68,"column":5}},"type":"if","locations":[{"start":{"line":60,"column":4},"end":{"line":68,"column":5}},{"start":{"line":65,"column":11},"end":{"line":68,"column":5}}],"line":60},"3":{"loc":{"start":{"line":60,"column":8},"end":{"line":60,"column":31}},"type":"binary-expr","locations":[{"start":{"line":60,"column":8},"end":{"line":60,"column":14}},{"start":{"line":60,"column":18},"end":{"line":60,"column":31}}],"line":60}},"s":{"0":0,"1":0,"2":0,"3":0,"4":0,"5":0,"6":0,"7":0,"8":0,"9":0,"10":0,"11":0,"12":0,"13":0,"14":0,"15":0,"16":0,"17":0,"18":0,"19":0,"20":0,"21":0,"22":0,"23":0,"24":0,"25":0,"26":0,"27":0,"28":0,"29":0,"30":0,"31":0,"32":0,"33":0,"34":0,"35":0,"36":0,"37":0},"f":{"0":0,"1":0,"2":0,"3":0,"4":0,"5":0,"6":0,"7":0,"8":0,"9":0,"10":0,"11":0,"12":0,"13":0,"14":0},"b":{"0":[0,0,0],"1":[0,0],"2":[0,0],"3":[0,0]}}
,"C:\\Users\\lvasquca\\Documents\\PruebaTecnicaInditex\\phone-shop-prueba-luis\\phone-shop-prueba-luis\\src\\main.jsx": {"path":"C:\\Users\\lvasquca\\Documents\\PruebaTecnicaInditex\\phone-shop-prueba-luis\\phone-shop-prueba-luis\\src\\main.jsx","statementMap":{"0":{"start":{"line":6,"column":13},"end":{"line":6,"column":65}},"1":{"start":{"line":7,"column":0},"end":{"line":13,"column":2}}},"fnMap":{},"branchMap":{},"s":{"0":0,"1":0},"f":{},"b":{}}
,"C:\\Users\\lvasquca\\Documents\\PruebaTecnicaInditex\\phone-shop-prueba-luis\\phone-shop-prueba-luis\\src\\components\\app-breadcrumb\\app-breadcrumb.jsx": {"path":"C:\\Users\\lvasquca\\Documents\\PruebaTecnicaInditex\\phone-shop-prueba-luis\\phone-shop-prueba-luis\\src\\components\\app-breadcrumb\\app-breadcrumb.jsx","statementMap":{"0":{"start":{"line":6,"column":23},"end":{"line":6,"column":28}},"1":{"start":{"line":7,"column":50},"end":{"line":7,"column":69}},"2":{"start":{"line":8,"column":33},"end":{"line":8,"column":51}},"3":{"start":{"line":9,"column":33},"end":{"line":9,"column":55}},"4":{"start":{"line":12,"column":4},"end":{"line":29,"column":7}},"5":{"start":{"line":13,"column":6},"end":{"line":27,"column":7}},"6":{"start":{"line":14,"column":8},"end":{"line":26,"column":10}},"7":{"start":{"line":19,"column":16},"end":{"line":19,"column":42}},"8":{"start":{"line":20,"column":16},"end":{"line":20,"column":32}},"9":{"start":{"line":28,"column":6},"end":{"line":28,"column":42}},"10":{"start":{"line":33,"column":19},"end":{"line":33,"column":38}},"11":{"start":{"line":34,"column":18},"end":{"line":34,"column":52}},"12":{"start":{"line":35,"column":4},"end":{"line":35,"column":28}},"13":{"start":{"line":36,"column":4},"end":{"line":36,"column":39}},"14":{"start":{"line":39,"column":2},"end":{"line":46,"column":4}}},"fnMap":{"0":{"name":"AppBreadcrumb","decl":{"start":{"line":5,"column":16},"end":{"line":5,"column":29}},"loc":{"start":{"line":5,"column":37},"end":{"line":47,"column":1}},"line":5},"1":{"name":"renderLevels","decl":{"start":{"line":11,"column":11},"end":{"line":11,"column":23}},"loc":{"start":{"line":11,"column":32},"end":{"line":30,"column":3}},"line":11},"2":{"name":"(anonymous_2)","decl":{"start":{"line":12,"column":22},"end":{"line":12,"column":23}},"loc":{"start":{"line":12,"column":33},"end":{"line":29,"column":5}},"line":12},"3":{"name":"(anonymous_3)","decl":{"start":{"line":18,"column":23},"end":{"line":18,"column":24}},"loc":{"start":{"line":18,"column":29},"end":{"line":21,"column":15}},"line":18},"4":{"name":"renderUlContent","decl":{"start":{"line":32,"column":11},"end":{"line":32,"column":26}},"loc":{"start":{"line":32,"column":43},"end":{"line":37,"column":3}},"line":32}},"branchMap":{"0":{"loc":{"start":{"line":13,"column":6},"end":{"line":27,"column":7}},"type":"if","locations":[{"start":{"line":13,"column":6},"end":{"line":27,"column":7}},{"start":{},"end":{}}],"line":13},"1":{"loc":{"start":{"line":34,"column":18},"end":{"line":34,"column":52}},"type":"cond-expr","locations":[{"start":{"line":34,"column":47},"end":{"line":34,"column":48}},{"start":{"line":34,"column":51},"end":{"line":34,"column":52}}],"line":34}},"s":{"0":1,"1":1,"2":1,"3":1,"4":1,"5":2,"6":2,"7":0,"8":0,"9":0,"10":1,"11":1,"12":1,"13":1,"14":1},"f":{"0":1,"1":1,"2":2,"3":0,"4":1},"b":{"0":[2,0],"1":[0,1]},"_coverageSchema":"1a1c01bbd47fc00a2c39e90264f33305004495a9","hash":"332681ca9089389e4018d411cbd5d0c6fe14393c"}
,"C:\\Users\\lvasquca\\Documents\\PruebaTecnicaInditex\\phone-shop-prueba-luis\\phone-shop-prueba-luis\\src\\components\\app-header\\app-header.const.js": {"path":"C:\\Users\\lvasquca\\Documents\\PruebaTecnicaInditex\\phone-shop-prueba-luis\\phone-shop-prueba-luis\\src\\components\\app-header\\app-header.const.js","statementMap":{"0":{"start":{"line":1,"column":29},"end":{"line":4,"column":1}}},"fnMap":{},"branchMap":{},"s":{"0":1},"f":{},"b":{},"_coverageSchema":"1a1c01bbd47fc00a2c39e90264f33305004495a9","hash":"e97807c08f1216c3bd8285df324b40b1a08fb5c9"}
,"C:\\Users\\lvasquca\\Documents\\PruebaTecnicaInditex\\phone-shop-prueba-luis\\phone-shop-prueba-luis\\src\\components\\app-header\\app-header.jsx": {"path":"C:\\Users\\lvasquca\\Documents\\PruebaTecnicaInditex\\phone-shop-prueba-luis\\phone-shop-prueba-luis\\src\\components\\app-header\\app-header.jsx","statementMap":{"0":{"start":{"line":7,"column":24},"end":{"line":7,"column":43}},"1":{"start":{"line":8,"column":61},"end":{"line":8,"column":66}},"2":{"start":{"line":9,"column":43},"end":{"line":9,"column":56}},"3":{"start":{"line":10,"column":2},"end":{"line":27,"column":4}},"4":{"start":{"line":12,"column":68},"end":{"line":12,"column":98}},"5":{"start":{"line":17,"column":58},"end":{"line":17,"column":84}}},"fnMap":{"0":{"name":"AppHeader","decl":{"start":{"line":6,"column":16},"end":{"line":6,"column":25}},"loc":{"start":{"line":6,"column":33},"end":{"line":28,"column":1}},"line":6},"1":{"name":"(anonymous_1)","decl":{"start":{"line":12,"column":62},"end":{"line":12,"column":63}},"loc":{"start":{"line":12,"column":68},"end":{"line":12,"column":98}},"line":12},"2":{"name":"(anonymous_2)","decl":{"start":{"line":17,"column":52},"end":{"line":17,"column":53}},"loc":{"start":{"line":17,"column":58},"end":{"line":17,"column":84}},"line":17}},"branchMap":{"0":{"loc":{"start":{"line":23,"column":9},"end":{"line":23,"column":75}},"type":"cond-expr","locations":[{"start":{"line":23,"column":21},"end":{"line":23,"column":68}},{"start":{"line":23,"column":71},"end":{"line":23,"column":75}}],"line":23}},"s":{"0":1,"1":1,"2":1,"3":1,"4":0,"5":0},"f":{"0":1,"1":0,"2":0},"b":{"0":[0,1]},"_coverageSchema":"1a1c01bbd47fc00a2c39e90264f33305004495a9","hash":"7bf65cb966904a0034595146bd3b3474470c9550"}
,"C:\\Users\\lvasquca\\Documents\\PruebaTecnicaInditex\\phone-shop-prueba-luis\\phone-shop-prueba-luis\\src\\components\\phone-card\\phone-card.jsx": {"path":"C:\\Users\\lvasquca\\Documents\\PruebaTecnicaInditex\\phone-shop-prueba-luis\\phone-shop-prueba-luis\\src\\components\\phone-card\\phone-card.jsx","statementMap":{"0":{"start":{"line":7,"column":32},"end":{"line":7,"column":37}},"1":{"start":{"line":8,"column":46},"end":{"line":8,"column":53}},"2":{"start":{"line":9,"column":17},"end":{"line":9,"column":23}},"3":{"start":{"line":10,"column":14},"end":{"line":10,"column":34}},"4":{"start":{"line":12,"column":2},"end":{"line":31,"column":4}},"5":{"start":{"line":13,"column":51},"end":{"line":13,"column":63}}},"fnMap":{"0":{"name":"PhoneCard","decl":{"start":{"line":6,"column":16},"end":{"line":6,"column":25}},"loc":{"start":{"line":6,"column":33},"end":{"line":32,"column":1}},"line":6},"1":{"name":"(anonymous_1)","decl":{"start":{"line":13,"column":45},"end":{"line":13,"column":46}},"loc":{"start":{"line":13,"column":51},"end":{"line":13,"column":63}},"line":13}},"branchMap":{},"s":{"0":5,"1":4,"2":0,"3":0,"4":0,"5":0},"f":{"0":5,"1":0},"b":{},"_coverageSchema":"1a1c01bbd47fc00a2c39e90264f33305004495a9","hash":"e088e47e3aa6ce1581e379d7d05e0d393ee16620"}
,"C:\\Users\\lvasquca\\Documents\\PruebaTecnicaInditex\\phone-shop-prueba-luis\\phone-shop-prueba-luis\\src\\components\\phone-colors\\phone-colors.jsx": {"path":"C:\\Users\\lvasquca\\Documents\\PruebaTecnicaInditex\\phone-shop-prueba-luis\\phone-shop-prueba-luis\\src\\components\\phone-colors\\phone-colors.jsx","statementMap":{"0":{"start":{"line":5,"column":16},"end":{"line":5,"column":47}},"1":{"start":{"line":6,"column":2},"end":{"line":18,"column":4}},"2":{"start":{"line":13,"column":8},"end":{"line":13,"column":32}},"3":{"start":{"line":22,"column":49},"end":{"line":22,"column":54}},"4":{"start":{"line":23,"column":2},"end":{"line":27,"column":4}},"5":{"start":{"line":25,"column":30},"end":{"line":25,"column":76}}},"fnMap":{"0":{"name":"renderColor","decl":{"start":{"line":4,"column":9},"end":{"line":4,"column":20}},"loc":{"start":{"line":4,"column":56},"end":{"line":19,"column":1}},"line":4},"1":{"name":"(anonymous_1)","decl":{"start":{"line":12,"column":15},"end":{"line":12,"column":16}},"loc":{"start":{"line":12,"column":21},"end":{"line":14,"column":7}},"line":12},"2":{"name":"PhoneColors","decl":{"start":{"line":21,"column":16},"end":{"line":21,"column":27}},"loc":{"start":{"line":21,"column":35},"end":{"line":28,"column":1}},"line":21},"3":{"name":"(anonymous_3)","decl":{"start":{"line":25,"column":19},"end":{"line":25,"column":20}},"loc":{"start":{"line":25,"column":30},"end":{"line":25,"column":76}},"line":25}},"branchMap":{"0":{"loc":{"start":{"line":10,"column":43},"end":{"line":10,"column":97}},"type":"cond-expr","locations":[{"start":{"line":10,"column":74},"end":{"line":10,"column":92}},{"start":{"line":10,"column":95},"end":{"line":10,"column":97}}],"line":10}},"s":{"0":0,"1":0,"2":0,"3":1,"4":1,"5":0},"f":{"0":0,"1":0,"2":1,"3":0},"b":{"0":[0,0]},"_coverageSchema":"1a1c01bbd47fc00a2c39e90264f33305004495a9","hash":"bd40310c449b1f92edfb0bd5ba2eea4ed191350b"}
,"C:\\Users\\lvasquca\\Documents\\PruebaTecnicaInditex\\phone-shop-prueba-luis\\phone-shop-prueba-luis\\src\\components\\phone-price\\phone-price.jsx": {"path":"C:\\Users\\lvasquca\\Documents\\PruebaTecnicaInditex\\phone-shop-prueba-luis\\phone-shop-prueba-luis\\src\\components\\phone-price\\phone-price.jsx","statementMap":{"0":{"start":{"line":5,"column":25},"end":{"line":5,"column":30}},"1":{"start":{"line":7,"column":4},"end":{"line":12,"column":6}},"2":{"start":{"line":16,"column":4},"end":{"line":21,"column":6}},"3":{"start":{"line":24,"column":2},"end":{"line":24,"column":43}}},"fnMap":{"0":{"name":"PhonePrice","decl":{"start":{"line":4,"column":16},"end":{"line":4,"column":26}},"loc":{"start":{"line":4,"column":34},"end":{"line":25,"column":1}},"line":4},"1":{"name":"renderSmall","decl":{"start":{"line":6,"column":11},"end":{"line":6,"column":22}},"loc":{"start":{"line":6,"column":25},"end":{"line":13,"column":3}},"line":6},"2":{"name":"renderBig","decl":{"start":{"line":15,"column":11},"end":{"line":15,"column":20}},"loc":{"start":{"line":15,"column":23},"end":{"line":22,"column":3}},"line":15}},"branchMap":{"0":{"loc":{"start":{"line":10,"column":13},"end":{"line":10,"column":52}},"type":"cond-expr","locations":[{"start":{"line":10,"column":21},"end":{"line":10,"column":32}},{"start":{"line":10,"column":35},"end":{"line":10,"column":52}}],"line":10},"1":{"loc":{"start":{"line":19,"column":41},"end":{"line":19,"column":80}},"type":"cond-expr","locations":[{"start":{"line":19,"column":49},"end":{"line":19,"column":60}},{"start":{"line":19,"column":63},"end":{"line":19,"column":80}}],"line":19},"2":{"loc":{"start":{"line":24,"column":9},"end":{"line":24,"column":42}},"type":"cond-expr","locations":[{"start":{"line":24,"column":15},"end":{"line":24,"column":26}},{"start":{"line":24,"column":29},"end":{"line":24,"column":42}}],"line":24}},"s":{"0":1,"1":1,"2":0,"3":1},"f":{"0":1,"1":1,"2":0},"b":{"0":[0,1],"1":[0,0],"2":[0,1]},"_coverageSchema":"1a1c01bbd47fc00a2c39e90264f33305004495a9","hash":"23e688a4c78cb66062f357ef6f94b6cd74518fa9"}
,"C:\\Users\\lvasquca\\Documents\\PruebaTecnicaInditex\\phone-shop-prueba-luis\\phone-shop-prueba-luis\\src\\components\\phone-storages\\phone-storages.jsx": {"path":"C:\\Users\\lvasquca\\Documents\\PruebaTecnicaInditex\\phone-shop-prueba-luis\\phone-shop-prueba-luis\\src\\components\\phone-storages\\phone-storages.jsx","statementMap":{"0":{"start":{"line":4,"column":17},"end":{"line":4,"column":22}},"1":{"start":{"line":6,"column":2},"end":{"line":22,"column":4}},"2":{"start":{"line":12,"column":8},"end":{"line":12,"column":33}},"3":{"start":{"line":13,"column":8},"end":{"line":17,"column":9}},"4":{"start":{"line":14,"column":10},"end":{"line":14,"column":30}},"5":{"start":{"line":16,"column":10},"end":{"line":16,"column":38}},"6":{"start":{"line":26,"column":55},"end":{"line":26,"column":60}},"7":{"start":{"line":27,"column":2},"end":{"line":31,"column":4}},"8":{"start":{"line":29,"column":34},"end":{"line":29,"column":88}}},"fnMap":{"0":{"name":"renderStorage","decl":{"start":{"line":5,"column":9},"end":{"line":5,"column":22}},"loc":{"start":{"line":5,"column":64},"end":{"line":23,"column":1}},"line":5},"1":{"name":"(anonymous_1)","decl":{"start":{"line":11,"column":15},"end":{"line":11,"column":16}},"loc":{"start":{"line":11,"column":21},"end":{"line":18,"column":7}},"line":11},"2":{"name":"PhoneStorages","decl":{"start":{"line":25,"column":16},"end":{"line":25,"column":29}},"loc":{"start":{"line":25,"column":37},"end":{"line":32,"column":1}},"line":25},"3":{"name":"(anonymous_3)","decl":{"start":{"line":29,"column":21},"end":{"line":29,"column":22}},"loc":{"start":{"line":29,"column":34},"end":{"line":29,"column":88}},"line":29}},"branchMap":{"0":{"loc":{"start":{"line":10,"column":41},"end":{"line":10,"column":92}},"type":"cond-expr","locations":[{"start":{"line":10,"column":76},"end":{"line":10,"column":87}},{"start":{"line":10,"column":90},"end":{"line":10,"column":92}}],"line":10},"1":{"loc":{"start":{"line":13,"column":8},"end":{"line":17,"column":9}},"type":"if","locations":[{"start":{"line":13,"column":8},"end":{"line":17,"column":9}},{"start":{"line":15,"column":15},"end":{"line":17,"column":9}}],"line":13}},"s":{"0":1,"1":0,"2":0,"3":0,"4":0,"5":0,"6":1,"7":1,"8":0},"f":{"0":0,"1":0,"2":1,"3":0},"b":{"0":[0,0],"1":[0,0]},"_coverageSchema":"1a1c01bbd47fc00a2c39e90264f33305004495a9","hash":"88488e3c02d11db17d2356e728718c9d1a8b9709"}
,"C:\\Users\\lvasquca\\Documents\\PruebaTecnicaInditex\\phone-shop-prueba-luis\\phone-shop-prueba-luis\\src\\components\\search-input-box\\search-input-box.jsx": {"path":"C:\\Users\\lvasquca\\Documents\\PruebaTecnicaInditex\\phone-shop-prueba-luis\\phone-shop-prueba-luis\\src\\components\\search-input-box\\search-input-box.jsx","statementMap":{"0":{"start":{"line":5,"column":24},"end":{"line":5,"column":29}},"1":{"start":{"line":6,"column":36},"end":{"line":6,"column":51}},"2":{"start":{"line":7,"column":26},"end":{"line":7,"column":38}},"3":{"start":{"line":9,"column":23},"end":{"line":13,"column":3}},"4":{"start":{"line":10,"column":4},"end":{"line":10,"column":16}},"5":{"start":{"line":11,"column":4},"end":{"line":11,"column":24}},"6":{"start":{"line":12,"column":4},"end":{"line":12,"column":18}},"7":{"start":{"line":14,"column":22},"end":{"line":21,"column":3}},"8":{"start":{"line":15,"column":22},"end":{"line":15,"column":41}},"9":{"start":{"line":16,"column":4},"end":{"line":16,"column":19}},"10":{"start":{"line":17,"column":4},"end":{"line":17,"column":26}},"11":{"start":{"line":18,"column":4},"end":{"line":20,"column":5}},"12":{"start":{"line":19,"column":6},"end":{"line":19,"column":23}},"13":{"start":{"line":23,"column":24},"end":{"line":27,"column":3}},"14":{"start":{"line":24,"column":4},"end":{"line":26,"column":5}},"15":{"start":{"line":25,"column":6},"end":{"line":25,"column":22}},"16":{"start":{"line":28,"column":2},"end":{"line":53,"column":4}}},"fnMap":{"0":{"name":"SearchInputBox","decl":{"start":{"line":4,"column":16},"end":{"line":4,"column":30}},"loc":{"start":{"line":4,"column":38},"end":{"line":54,"column":1}},"line":4},"1":{"name":"(anonymous_1)","decl":{"start":{"line":9,"column":23},"end":{"line":9,"column":24}},"loc":{"start":{"line":9,"column":29},"end":{"line":13,"column":3}},"line":9},"2":{"name":"(anonymous_2)","decl":{"start":{"line":14,"column":22},"end":{"line":14,"column":23}},"loc":{"start":{"line":14,"column":33},"end":{"line":21,"column":3}},"line":14},"3":{"name":"(anonymous_3)","decl":{"start":{"line":23,"column":24},"end":{"line":23,"column":25}},"loc":{"start":{"line":23,"column":35},"end":{"line":27,"column":3}},"line":23}},"branchMap":{"0":{"loc":{"start":{"line":18,"column":4},"end":{"line":20,"column":5}},"type":"if","locations":[{"start":{"line":18,"column":4},"end":{"line":20,"column":5}},{"start":{},"end":{}}],"line":18},"1":{"loc":{"start":{"line":18,"column":8},"end":{"line":18,"column":46}},"type":"binary-expr","locations":[{"start":{"line":18,"column":8},"end":{"line":18,"column":26}},{"start":{"line":18,"column":30},"end":{"line":18,"column":46}}],"line":18},"2":{"loc":{"start":{"line":24,"column":4},"end":{"line":26,"column":5}},"type":"if","locations":[{"start":{"line":24,"column":4},"end":{"line":26,"column":5}},{"start":{},"end":{}}],"line":24},"3":{"loc":{"start":{"line":43,"column":7},"end":{"line":51,"column":14}},"type":"cond-expr","locations":[{"start":{"line":44,"column":8},"end":{"line":50,"column":17}},{"start":{"line":51,"column":10},"end":{"line":51,"column":14}}],"line":43}},"s":{"0":1,"1":1,"2":1,"3":1,"4":0,"5":0,"6":0,"7":1,"8":0,"9":0,"10":0,"11":0,"12":0,"13":1,"14":0,"15":0,"16":1},"f":{"0":1,"1":0,"2":0,"3":0},"b":{"0":[0,0],"1":[0,0],"2":[0,0],"3":[0,1]},"_coverageSchema":"1a1c01bbd47fc00a2c39e90264f33305004495a9","hash":"7486770fec5146c986c506d8ac0e36464aafa3d0"}
,"C:\\Users\\lvasquca\\Documents\\PruebaTecnicaInditex\\phone-shop-prueba-luis\\phone-shop-prueba-luis\\src\\context\\Context.jsx": {"path":"C:\\Users\\lvasquca\\Documents\\PruebaTecnicaInditex\\phone-shop-prueba-luis\\phone-shop-prueba-luis\\src\\context\\Context.jsx","statementMap":{"0":{"start":{"line":3,"column":23},"end":{"line":11,"column":2}}},"fnMap":{"0":{"name":"(anonymous_0)","decl":{"start":{"line":5,"column":11},"end":{"line":5,"column":12}},"loc":{"start":{"line":5,"column":17},"end":{"line":5,"column":19}},"line":5},"1":{"name":"(anonymous_1)","decl":{"start":{"line":7,"column":22},"end":{"line":7,"column":23}},"loc":{"start":{"line":7,"column":28},"end":{"line":7,"column":30}},"line":7},"2":{"name":"(anonymous_2)","decl":{"start":{"line":9,"column":21},"end":{"line":9,"column":22}},"loc":{"start":{"line":9,"column":27},"end":{"line":9,"column":29}},"line":9}},"branchMap":{},"s":{"0":2},"f":{"0":0,"1":0,"2":0},"b":{},"_coverageSchema":"1a1c01bbd47fc00a2c39e90264f33305004495a9","hash":"33d5992fa23ea6df72f97843ded77f90524d8856"}
,"C:\\Users\\lvasquca\\Documents\\PruebaTecnicaInditex\\phone-shop-prueba-luis\\phone-shop-prueba-luis\\src\\infrastructure\\api-methods\\fetch-api.jsx": {"path":"C:\\Users\\lvasquca\\Documents\\PruebaTecnicaInditex\\phone-shop-prueba-luis\\phone-shop-prueba-luis\\src\\infrastructure\\api-methods\\fetch-api.jsx","statementMap":{"0":{"start":{"line":3,"column":19},"end":{"line":3,"column":21}},"1":{"start":{"line":5,"column":14},"end":{"line":5,"column":22}},"2":{"start":{"line":6,"column":2},"end":{"line":8,"column":3}},"3":{"start":{"line":7,"column":4},"end":{"line":7,"column":49}},"4":{"start":{"line":9,"column":2},"end":{"line":14,"column":7}},"5":{"start":{"line":10,"column":24},"end":{"line":10,"column":39}},"6":{"start":{"line":12,"column":6},"end":{"line":12,"column":53}},"7":{"start":{"line":13,"column":6},"end":{"line":13,"column":18}}},"fnMap":{"0":{"name":"getWithCache","decl":{"start":{"line":4,"column":22},"end":{"line":4,"column":34}},"loc":{"start":{"line":4,"column":40},"end":{"line":15,"column":1}},"line":4},"1":{"name":"(anonymous_1)","decl":{"start":{"line":10,"column":10},"end":{"line":10,"column":11}},"loc":{"start":{"line":10,"column":24},"end":{"line":10,"column":39}},"line":10},"2":{"name":"(anonymous_2)","decl":{"start":{"line":11,"column":10},"end":{"line":11,"column":11}},"loc":{"start":{"line":11,"column":20},"end":{"line":14,"column":5}},"line":11}},"branchMap":{"0":{"loc":{"start":{"line":6,"column":2},"end":{"line":8,"column":3}},"type":"if","locations":[{"start":{"line":6,"column":2},"end":{"line":8,"column":3}},{"start":{},"end":{}}],"line":6},"1":{"loc":{"start":{"line":6,"column":6},"end":{"line":6,"column":76}},"type":"binary-expr","locations":[{"start":{"line":6,"column":6},"end":{"line":6,"column":21}},{"start":{"line":6,"column":25},"end":{"line":6,"column":76}}],"line":6}},"s":{"0":0,"1":0,"2":0,"3":0,"4":0,"5":0,"6":0,"7":0},"f":{"0":0,"1":0,"2":0},"b":{"0":[0,0],"1":[0,0]}}
,"C:\\Users\\lvasquca\\Documents\\PruebaTecnicaInditex\\phone-shop-prueba-luis\\phone-shop-prueba-luis\\src\\infrastructure\\api-methods\\post-api.jsx": {"path":"C:\\Users\\lvasquca\\Documents\\PruebaTecnicaInditex\\phone-shop-prueba-luis\\phone-shop-prueba-luis\\src\\infrastructure\\api-methods\\post-api.jsx","statementMap":{"0":{"start":{"line":2,"column":25},"end":{"line":6,"column":3}},"1":{"start":{"line":7,"column":2},"end":{"line":9,"column":26}},"2":{"start":{"line":8,"column":24},"end":{"line":8,"column":39}},"3":{"start":{"line":9,"column":20},"end":{"line":9,"column":24}}},"fnMap":{"0":{"name":"postCall","decl":{"start":{"line":1,"column":22},"end":{"line":1,"column":30}},"loc":{"start":{"line":1,"column":42},"end":{"line":10,"column":1}},"line":1},"1":{"name":"(anonymous_1)","decl":{"start":{"line":8,"column":10},"end":{"line":8,"column":11}},"loc":{"start":{"line":8,"column":24},"end":{"line":8,"column":39}},"line":8},"2":{"name":"(anonymous_2)","decl":{"start":{"line":9,"column":10},"end":{"line":9,"column":11}},"loc":{"start":{"line":9,"column":20},"end":{"line":9,"column":24}},"line":9}},"branchMap":{},"s":{"0":0,"1":0,"2":0,"3":0},"f":{"0":0,"1":0,"2":0},"b":{}}
,"C:\\Users\\lvasquca\\Documents\\PruebaTecnicaInditex\\phone-shop-prueba-luis\\phone-shop-prueba-luis\\src\\infrastructure\\api_functions\\api-get-item.jsx": {"path":"C:\\Users\\lvasquca\\Documents\\PruebaTecnicaInditex\\phone-shop-prueba-luis\\phone-shop-prueba-luis\\src\\infrastructure\\api_functions\\api-get-item.jsx","statementMap":{"0":{"start":{"line":5,"column":2},"end":{"line":5,"column":55}}},"fnMap":{"0":{"name":"getProduct","decl":{"start":{"line":4,"column":16},"end":{"line":4,"column":26}},"loc":{"start":{"line":4,"column":31},"end":{"line":6,"column":1}},"line":4}},"branchMap":{},"s":{"0":0},"f":{"0":0},"b":{}}
,"C:\\Users\\lvasquca\\Documents\\PruebaTecnicaInditex\\phone-shop-prueba-luis\\phone-shop-prueba-luis\\src\\infrastructure\\api_functions\\api-get-list.jsx": {"path":"C:\\Users\\lvasquca\\Documents\\PruebaTecnicaInditex\\phone-shop-prueba-luis\\phone-shop-prueba-luis\\src\\infrastructure\\api_functions\\api-get-list.jsx","statementMap":{"0":{"start":{"line":5,"column":2},"end":{"line":5,"column":44}}},"fnMap":{"0":{"name":"getProductList","decl":{"start":{"line":4,"column":16},"end":{"line":4,"column":30}},"loc":{"start":{"line":4,"column":33},"end":{"line":6,"column":1}},"line":4}},"branchMap":{},"s":{"0":0},"f":{"0":0},"b":{}}
,"C:\\Users\\lvasquca\\Documents\\PruebaTecnicaInditex\\phone-shop-prueba-luis\\phone-shop-prueba-luis\\src\\infrastructure\\api_functions\\api-post-item.jsx": {"path":"C:\\Users\\lvasquca\\Documents\\PruebaTecnicaInditex\\phone-shop-prueba-luis\\phone-shop-prueba-luis\\src\\infrastructure\\api_functions\\api-post-item.jsx","statementMap":{"0":{"start":{"line":5,"column":2},"end":{"line":5,"column":54}}},"fnMap":{"0":{"name":"postProduct","decl":{"start":{"line":4,"column":16},"end":{"line":4,"column":27}},"loc":{"start":{"line":4,"column":34},"end":{"line":6,"column":1}},"line":4}},"branchMap":{},"s":{"0":0},"f":{"0":0},"b":{}}
,"C:\\Users\\lvasquca\\Documents\\PruebaTecnicaInditex\\phone-shop-prueba-luis\\phone-shop-prueba-luis\\src\\infrastructure\\consts\\api.consts.jsx": {"path":"C:\\Users\\lvasquca\\Documents\\PruebaTecnicaInditex\\phone-shop-prueba-luis\\phone-shop-prueba-luis\\src\\infrastructure\\consts\\api.consts.jsx","statementMap":{"0":{"start":{"line":1,"column":24},"end":{"line":1,"column":64}},"1":{"start":{"line":2,"column":36},"end":{"line":2,"column":68}},"2":{"start":{"line":3,"column":28},"end":{"line":3,"column":57}}},"fnMap":{},"branchMap":{},"s":{"0":0,"1":0,"2":0},"f":{},"b":{}}
,"C:\\Users\\lvasquca\\Documents\\PruebaTecnicaInditex\\phone-shop-prueba-luis\\phone-shop-prueba-luis\\src\\pages\\phones-details-page\\phone-details-page.jsx": {"path":"C:\\Users\\lvasquca\\Documents\\PruebaTecnicaInditex\\phone-shop-prueba-luis\\phone-shop-prueba-luis\\src\\pages\\phones-details-page\\phone-details-page.jsx","statementMap":{"0":{"start":{"line":10,"column":78},"end":{"line":10,"column":97}},"1":{"start":{"line":11,"column":44},"end":{"line":11,"column":58}},"2":{"start":{"line":12,"column":48},"end":{"line":12,"column":62}},"3":{"start":{"line":13,"column":25},"end":{"line":13,"column":40}},"4":{"start":{"line":31,"column":6},"end":{"line":31,"column":20}},"5":{"start":{"line":33,"column":2},"end":{"line":33,"column":31}},"6":{"start":{"line":36,"column":4},"end":{"line":47,"column":5}},"7":{"start":{"line":37,"column":19},"end":{"line":41,"column":7}},"8":{"start":{"line":42,"column":24},"end":{"line":42,"column":76}},"9":{"start":{"line":42,"column":64},"end":{"line":42,"column":75}},"10":{"start":{"line":43,"column":6},"end":{"line":43,"column":25}},"11":{"start":{"line":44,"column":6},"end":{"line":44,"column":29}},"12":{"start":{"line":45,"column":6},"end":{"line":45,"column":31}},"13":{"start":{"line":46,"column":6},"end":{"line":46,"column":30}},"14":{"start":{"line":50,"column":2},"end":{"line":145,"column":4}},"15":{"start":{"line":127,"column":46},"end":{"line":127,"column":75}},"16":{"start":{"line":137,"column":50},"end":{"line":137,"column":83}}},"fnMap":{"0":{"name":"PhoneDetailsPage","decl":{"start":{"line":9,"column":16},"end":{"line":9,"column":32}},"loc":{"start":{"line":9,"column":35},"end":{"line":146,"column":1}},"line":9},"1":{"name":"AddToCart","decl":{"start":{"line":35,"column":17},"end":{"line":35,"column":26}},"loc":{"start":{"line":35,"column":29},"end":{"line":48,"column":3}},"line":35},"2":{"name":"(anonymous_2)","decl":{"start":{"line":42,"column":53},"end":{"line":42,"column":54}},"loc":{"start":{"line":42,"column":64},"end":{"line":42,"column":75}},"line":42},"3":{"name":"(anonymous_3)","decl":{"start":{"line":127,"column":29},"end":{"line":127,"column":30}},"loc":{"start":{"line":127,"column":46},"end":{"line":127,"column":75}},"line":127},"4":{"name":"(anonymous_4)","decl":{"start":{"line":137,"column":31},"end":{"line":137,"column":32}},"loc":{"start":{"line":137,"column":50},"end":{"line":137,"column":83}},"line":137}},"branchMap":{"0":{"loc":{"start":{"line":36,"column":4},"end":{"line":47,"column":5}},"type":"if","locations":[{"start":{"line":36,"column":4},"end":{"line":47,"column":5}},{"start":{},"end":{}}],"line":36},"1":{"loc":{"start":{"line":36,"column":8},"end":{"line":36,"column":90}},"type":"binary-expr","locations":[{"start":{"line":36,"column":8},"end":{"line":36,"column":21}},{"start":{"line":36,"column":25},"end":{"line":36,"column":45}},{"start":{"line":36,"column":49},"end":{"line":36,"column":64}},{"start":{"line":36,"column":68},"end":{"line":36,"column":90}}],"line":36},"2":{"loc":{"start":{"line":61,"column":24},"end":{"line":61,"column":58}},"type":"binary-expr","locations":[{"start":{"line":61,"column":24},"end":{"line":61,"column":38}},{"start":{"line":61,"column":42},"end":{"line":61,"column":58}}],"line":61}},"s":{"0":0,"1":0,"2":0,"3":0,"4":0,"5":0,"6":0,"7":0,"8":0,"9":0,"10":0,"11":0,"12":0,"13":0,"14":0,"15":0,"16":0},"f":{"0":0,"1":0,"2":0,"3":0,"4":0},"b":{"0":[0,0],"1":[0,0,0,0],"2":[0,0]}}
,"C:\\Users\\lvasquca\\Documents\\PruebaTecnicaInditex\\phone-shop-prueba-luis\\phone-shop-prueba-luis\\src\\pages\\phones-list-page\\phone-list-page.jsx": {"path":"C:\\Users\\lvasquca\\Documents\\PruebaTecnicaInditex\\phone-shop-prueba-luis\\phone-shop-prueba-luis\\src\\pages\\phones-list-page\\phone-list-page.jsx","statementMap":{"0":{"start":{"line":8,"column":21},"end":{"line":8,"column":66}},"1":{"start":{"line":8,"column":60},"end":{"line":8,"column":65}},"2":{"start":{"line":10,"column":26},"end":{"line":10,"column":48}},"3":{"start":{"line":12,"column":52},"end":{"line":12,"column":71}},"4":{"start":{"line":15,"column":4},"end":{"line":15,"column":31}},"5":{"start":{"line":17,"column":2},"end":{"line":17,"column":27}},"6":{"start":{"line":19,"column":20},"end":{"line":36,"column":3}},"7":{"start":{"line":20,"column":4},"end":{"line":35,"column":5}},"8":{"start":{"line":21,"column":34},"end":{"line":21,"column":58}},"9":{"start":{"line":22,"column":22},"end":{"line":31,"column":8}},"10":{"start":{"line":23,"column":22},"end":{"line":23,"column":49}},"11":{"start":{"line":24,"column":22},"end":{"line":24,"column":49}},"12":{"start":{"line":25,"column":8},"end":{"line":30,"column":10}},"13":{"start":{"line":32,"column":6},"end":{"line":32,"column":23}},"14":{"start":{"line":34,"column":6},"end":{"line":34,"column":28}},"15":{"start":{"line":38,"column":2},"end":{"line":64,"column":4}},"16":{"start":{"line":42,"column":53},"end":{"line":42,"column":74}},"17":{"start":{"line":50,"column":16},"end":{"line":55,"column":22}},"18":{"start":{"line":54,"column":65},"end":{"line":54,"column":86}}},"fnMap":{"0":{"name":"(anonymous_0)","decl":{"start":{"line":8,"column":49},"end":{"line":8,"column":50}},"loc":{"start":{"line":8,"column":60},"end":{"line":8,"column":65}},"line":8},"1":{"name":"PhonesListPage","decl":{"start":{"line":9,"column":16},"end":{"line":9,"column":30}},"loc":{"start":{"line":9,"column":33},"end":{"line":65,"column":1}},"line":9},"2":{"name":"setListBreadCrumbLevel","decl":{"start":{"line":14,"column":11},"end":{"line":14,"column":33}},"loc":{"start":{"line":14,"column":36},"end":{"line":16,"column":3}},"line":14},"3":{"name":"(anonymous_3)","decl":{"start":{"line":19,"column":20},"end":{"line":19,"column":21}},"loc":{"start":{"line":19,"column":36},"end":{"line":36,"column":3}},"line":19},"4":{"name":"(anonymous_4)","decl":{"start":{"line":22,"column":42},"end":{"line":22,"column":43}},"loc":{"start":{"line":22,"column":55},"end":{"line":31,"column":7}},"line":22},"5":{"name":"(anonymous_5)","decl":{"start":{"line":42,"column":37},"end":{"line":42,"column":38}},"loc":{"start":{"line":42,"column":53},"end":{"line":42,"column":74}},"line":42},"6":{"name":"(anonymous_6)","decl":{"start":{"line":49,"column":24},"end":{"line":49,"column":25}},"loc":{"start":{"line":50,"column":16},"end":{"line":55,"column":22}},"line":50},"7":{"name":"(anonymous_7)","decl":{"start":{"line":54,"column":57},"end":{"line":54,"column":58}},"loc":{"start":{"line":54,"column":65},"end":{"line":54,"column":86}},"line":54}},"branchMap":{"0":{"loc":{"start":{"line":20,"column":4},"end":{"line":35,"column":5}},"type":"if","locations":[{"start":{"line":20,"column":4},"end":{"line":35,"column":5}},{"start":{"line":33,"column":11},"end":{"line":35,"column":5}}],"line":20},"1":{"loc":{"start":{"line":20,"column":8},"end":{"line":20,"column":39}},"type":"binary-expr","locations":[{"start":{"line":20,"column":8},"end":{"line":20,"column":18}},{"start":{"line":20,"column":22},"end":{"line":20,"column":39}}],"line":20},"2":{"loc":{"start":{"line":26,"column":10},"end":{"line":29,"column":39}},"type":"binary-expr","locations":[{"start":{"line":26,"column":10},"end":{"line":26,"column":47}},{"start":{"line":27,"column":10},"end":{"line":27,"column":39}},{"start":{"line":28,"column":10},"end":{"line":28,"column":47}},{"start":{"line":29,"column":10},"end":{"line":29,"column":39}}],"line":26},"3":{"loc":{"start":{"line":48,"column":13},"end":{"line":59,"column":13}},"type":"cond-expr","locations":[{"start":{"line":49,"column":14},"end":{"line":56,"column":16}},{"start":{"line":58,"column":14},"end":{"line":58,"column":54}}],"line":48},"4":{"loc":{"start":{"line":48,"column":13},"end":{"line":48,"column":38}},"type":"binary-expr","locations":[{"start":{"line":48,"column":13},"end":{"line":48,"column":17}},{"start":{"line":48,"column":21},"end":{"line":48,"column":38}}],"line":48}},"s":{"0":0,"1":0,"2":0,"3":0,"4":0,"5":0,"6":0,"7":0,"8":0,"9":0,"10":0,"11":0,"12":0,"13":0,"14":0,"15":0,"16":0,"17":0,"18":0},"f":{"0":0,"1":0,"2":0,"3":0,"4":0,"5":0,"6":0,"7":0},"b":{"0":[0,0],"1":[0,0],"2":[0,0,0,0],"3":[0,0],"4":[0,0]}}
,"C:\\Users\\lvasquca\\Documents\\PruebaTecnicaInditex\\phone-shop-prueba-luis\\phone-shop-prueba-luis\\src\\tools\\fetch-tools\\fetch-tools.jsx": {"path":"C:\\Users\\lvasquca\\Documents\\PruebaTecnicaInditex\\phone-shop-prueba-luis\\phone-shop-prueba-luis\\src\\tools\\fetch-tools\\fetch-tools.jsx","statementMap":{"0":{"start":{"line":4,"column":18},"end":{"line":4,"column":57}},"1":{"start":{"line":4,"column":53},"end":{"line":4,"column":56}},"2":{"start":{"line":5,"column":2},"end":{"line":5,"column":17}}},"fnMap":{"0":{"name":"getProductDetails","decl":{"start":{"line":3,"column":22},"end":{"line":3,"column":39}},"loc":{"start":{"line":3,"column":44},"end":{"line":6,"column":1}},"line":3},"1":{"name":"(anonymous_1)","decl":{"start":{"line":4,"column":44},"end":{"line":4,"column":45}},"loc":{"start":{"line":4,"column":53},"end":{"line":4,"column":56}},"line":4}},"branchMap":{},"s":{"0":0,"1":0,"2":0},"f":{"0":0,"1":0},"b":{}}
}
