TN:
SF:src\App.jsx
FN:10,(anonymous_0)
FN:11,(anonymous_1)
FN:12,(anonymous_2)
FN:13,(anonymous_3)
FN:15,App
FN:22,headerOnClick
FN:35,breadcrumbOnClick
FN:47,(anonymous_7)
FN:49,(anonymous_8)
FN:51,(anonymous_9)
FN:53,(anonymous_10)
FN:59,(anonymous_11)
FN:61,(anonymous_12)
FN:85,(anonymous_13)
FN:87,(anonymous_14)
FNF:15
FNH:0
FNDA:0,(anonymous_0)
FNDA:0,(anonymous_1)
FNDA:0,(anonymous_2)
FNDA:0,(anonymous_3)
FNDA:0,App
FNDA:0,headerOnClick
FNDA:0,breadcrumbOnClick
FNDA:0,(anonymous_7)
FNDA:0,(anonymous_8)
FNDA:0,(anonymous_9)
FNDA:0,(anonymous_10)
FNDA:0,(anonymous_11)
FNDA:0,(anonymous_12)
FNDA:0,(anonymous_13)
FNDA:0,(anonymous_14)
DA:10,0
DA:11,0
DA:12,0
DA:13,0
DA:16,0
DA:17,0
DA:18,0
DA:19,0
DA:20,0
DA:23,0
DA:26,0
DA:27,0
DA:28,0
DA:31,0
DA:36,0
DA:38,0
DA:39,0
DA:40,0
DA:42,0
DA:46,0
DA:47,0
DA:49,0
DA:51,0
DA:53,0
DA:59,0
DA:60,0
DA:61,0
DA:62,0
DA:63,0
DA:66,0
DA:67,0
DA:71,0
DA:85,0
DA:87,0
LF:34
LH:0
BRDA:23,0,0,0
BRDA:23,0,1,0
BRDA:23,0,2,0
BRDA:36,1,0,0
BRDA:36,1,1,0
BRDA:60,2,0,0
BRDA:60,2,1,0
BRDA:60,3,0,0
BRDA:60,3,1,0
BRF:9
BRH:0
end_of_record
TN:
SF:src\main.jsx
FNF:0
FNH:0
DA:6,0
DA:7,0
LF:2
LH:0
BRF:0
BRH:0
end_of_record
TN:
SF:src\components\app-breadcrumb\app-breadcrumb.jsx
FN:5,AppBreadcrumb
FN:11,renderLevels
FN:12,(anonymous_2)
FN:18,(anonymous_3)
FN:32,renderUlContent
FNF:5
FNH:4
FNDA:1,AppBreadcrumb
FNDA:1,renderLevels
FNDA:2,(anonymous_2)
FNDA:0,(anonymous_3)
FNDA:1,renderUlContent
DA:6,1
DA:7,1
DA:8,1
DA:9,1
DA:12,1
DA:13,2
DA:14,2
DA:19,0
DA:20,0
DA:28,0
DA:33,1
DA:34,1
DA:35,1
DA:36,1
DA:39,1
LF:15
LH:12
BRDA:13,0,0,2
BRDA:13,0,1,0
BRDA:34,1,0,0
BRDA:34,1,1,1
BRF:4
BRH:2
end_of_record
TN:
SF:src\components\app-header\app-header.const.js
FNF:0
FNH:0
DA:1,1
LF:1
LH:1
BRF:0
BRH:0
end_of_record
TN:
SF:src\components\app-header\app-header.jsx
FN:6,AppHeader
FN:12,(anonymous_1)
FN:17,(anonymous_2)
FNF:3
FNH:1
FNDA:1,AppHeader
FNDA:0,(anonymous_1)
FNDA:0,(anonymous_2)
DA:7,1
DA:8,1
DA:9,1
DA:10,1
DA:12,0
DA:17,0
LF:6
LH:4
BRDA:23,0,0,0
BRDA:23,0,1,1
BRF:2
BRH:1
end_of_record
TN:
SF:src\components\phone-card\phone-card.jsx
FN:6,PhoneCard
FN:13,(anonymous_1)
FNF:2
FNH:1
FNDA:5,PhoneCard
FNDA:0,(anonymous_1)
DA:7,5
DA:8,4
DA:9,0
DA:10,0
DA:12,0
DA:13,0
LF:6
LH:2
BRF:0
BRH:0
end_of_record
TN:
SF:src\components\phone-colors\phone-colors.jsx
FN:4,renderColor
FN:12,(anonymous_1)
FN:21,PhoneColors
FN:25,(anonymous_3)
FNF:4
FNH:1
FNDA:0,renderColor
FNDA:0,(anonymous_1)
FNDA:1,PhoneColors
FNDA:0,(anonymous_3)
DA:5,0
DA:6,0
DA:13,0
DA:22,1
DA:23,1
DA:25,0
LF:6
LH:2
BRDA:10,0,0,0
BRDA:10,0,1,0
BRF:2
BRH:0
end_of_record
TN:
SF:src\components\phone-price\phone-price.jsx
FN:4,PhonePrice
FN:6,renderSmall
FN:15,renderBig
FNF:3
FNH:2
FNDA:1,PhonePrice
FNDA:1,renderSmall
FNDA:0,renderBig
DA:5,1
DA:7,1
DA:16,0
DA:24,1
LF:4
LH:3
BRDA:10,0,0,0
BRDA:10,0,1,1
BRDA:19,1,0,0
BRDA:19,1,1,0
BRDA:24,2,0,0
BRDA:24,2,1,1
BRF:6
BRH:2
end_of_record
TN:
SF:src\components\phone-storages\phone-storages.jsx
FN:5,renderStorage
FN:11,(anonymous_1)
FN:25,PhoneStorages
FN:29,(anonymous_3)
FNF:4
FNH:1
FNDA:0,renderStorage
FNDA:0,(anonymous_1)
FNDA:1,PhoneStorages
FNDA:0,(anonymous_3)
DA:4,1
DA:6,0
DA:12,0
DA:13,0
DA:14,0
DA:16,0
DA:26,1
DA:27,1
DA:29,0
LF:9
LH:3
BRDA:10,0,0,0
BRDA:10,0,1,0
BRDA:13,1,0,0
BRDA:13,1,1,0
BRF:4
BRH:0
end_of_record
TN:
SF:src\components\search-input-box\search-input-box.jsx
FN:4,SearchInputBox
FN:9,(anonymous_1)
FN:14,(anonymous_2)
FN:23,(anonymous_3)
FNF:4
FNH:1
FNDA:1,SearchInputBox
FNDA:0,(anonymous_1)
FNDA:0,(anonymous_2)
FNDA:0,(anonymous_3)
DA:5,1
DA:6,1
DA:7,1
DA:9,1
DA:10,0
DA:11,0
DA:12,0
DA:14,1
DA:15,0
DA:16,0
DA:17,0
DA:18,0
DA:19,0
DA:23,1
DA:24,0
DA:25,0
DA:28,1
LF:17
LH:7
BRDA:18,0,0,0
BRDA:18,0,1,0
BRDA:18,1,0,0
BRDA:18,1,1,0
BRDA:24,2,0,0
BRDA:24,2,1,0
BRDA:43,3,0,0
BRDA:43,3,1,1
BRF:8
BRH:1
end_of_record
TN:
SF:src\context\Context.jsx
FN:5,(anonymous_0)
FN:7,(anonymous_1)
FN:9,(anonymous_2)
FNF:3
FNH:0
FNDA:0,(anonymous_0)
FNDA:0,(anonymous_1)
FNDA:0,(anonymous_2)
DA:3,2
LF:1
LH:1
BRF:0
BRH:0
end_of_record
TN:
SF:src\infrastructure\api-methods\fetch-api.jsx
FN:4,getWithCache
FN:10,(anonymous_1)
FN:11,(anonymous_2)
FNF:3
FNH:0
FNDA:0,getWithCache
FNDA:0,(anonymous_1)
FNDA:0,(anonymous_2)
DA:3,0
DA:5,0
DA:6,0
DA:7,0
DA:9,0
DA:10,0
DA:12,0
DA:13,0
LF:8
LH:0
BRDA:6,0,0,0
BRDA:6,0,1,0
BRDA:6,1,0,0
BRDA:6,1,1,0
BRF:4
BRH:0
end_of_record
TN:
SF:src\infrastructure\api-methods\post-api.jsx
FN:1,postCall
FN:8,(anonymous_1)
FN:9,(anonymous_2)
FNF:3
FNH:0
FNDA:0,postCall
FNDA:0,(anonymous_1)
FNDA:0,(anonymous_2)
DA:2,0
DA:7,0
DA:8,0
DA:9,0
LF:4
LH:0
BRF:0
BRH:0
end_of_record
TN:
SF:src\infrastructure\api_functions\api-get-item.jsx
FN:4,getProduct
FNF:1
FNH:0
FNDA:0,getProduct
DA:5,0
LF:1
LH:0
BRF:0
BRH:0
end_of_record
TN:
SF:src\infrastructure\api_functions\api-get-list.jsx
FN:4,getProductList
FNF:1
FNH:0
FNDA:0,getProductList
DA:5,0
LF:1
LH:0
BRF:0
BRH:0
end_of_record
TN:
SF:src\infrastructure\api_functions\api-post-item.jsx
FN:4,postProduct
FNF:1
FNH:0
FNDA:0,postProduct
DA:5,0
LF:1
LH:0
BRF:0
BRH:0
end_of_record
TN:
SF:src\infrastructure\consts\api.consts.jsx
FNF:0
FNH:0
DA:1,0
DA:2,0
DA:3,0
LF:3
LH:0
BRF:0
BRH:0
end_of_record
TN:
SF:src\pages\phones-details-page\phone-details-page.jsx
FN:9,PhoneDetailsPage
FN:35,AddToCart
FN:42,(anonymous_2)
FN:127,(anonymous_3)
FN:137,(anonymous_4)
FNF:5
FNH:0
FNDA:0,PhoneDetailsPage
FNDA:0,AddToCart
FNDA:0,(anonymous_2)
FNDA:0,(anonymous_3)
FNDA:0,(anonymous_4)
DA:10,0
DA:11,0
DA:12,0
DA:13,0
DA:31,0
DA:33,0
DA:36,0
DA:37,0
DA:42,0
DA:43,0
DA:44,0
DA:45,0
DA:46,0
DA:50,0
DA:127,0
DA:137,0
LF:16
LH:0
BRDA:36,0,0,0
BRDA:36,0,1,0
BRDA:36,1,0,0
BRDA:36,1,1,0
BRDA:36,1,2,0
BRDA:36,1,3,0
BRDA:61,2,0,0
BRDA:61,2,1,0
BRF:8
BRH:0
end_of_record
TN:
SF:src\pages\phones-list-page\phone-list-page.jsx
FN:8,(anonymous_0)
FN:9,PhonesListPage
FN:14,setListBreadCrumbLevel
FN:19,(anonymous_3)
FN:22,(anonymous_4)
FN:42,(anonymous_5)
FN:49,(anonymous_6)
FN:54,(anonymous_7)
FNF:8
FNH:0
FNDA:0,(anonymous_0)
FNDA:0,PhonesListPage
FNDA:0,setListBreadCrumbLevel
FNDA:0,(anonymous_3)
FNDA:0,(anonymous_4)
FNDA:0,(anonymous_5)
FNDA:0,(anonymous_6)
FNDA:0,(anonymous_7)
DA:8,0
DA:10,0
DA:12,0
DA:15,0
DA:17,0
DA:19,0
DA:20,0
DA:21,0
DA:22,0
DA:23,0
DA:24,0
DA:25,0
DA:32,0
DA:34,0
DA:38,0
DA:42,0
DA:50,0
DA:54,0
LF:18
LH:0
BRDA:20,0,0,0
BRDA:20,0,1,0
BRDA:20,1,0,0
BRDA:20,1,1,0
BRDA:26,2,0,0
BRDA:26,2,1,0
BRDA:26,2,2,0
BRDA:26,2,3,0
BRDA:48,3,0,0
BRDA:48,3,1,0
BRDA:48,4,0,0
BRDA:48,4,1,0
BRF:12
BRH:0
end_of_record
TN:
SF:src\tools\fetch-tools\fetch-tools.jsx
FN:3,getProductDetails
FN:4,(anonymous_1)
FNF:2
FNH:0
FNDA:0,getProductDetails
FNDA:0,(anonymous_1)
DA:4,0
DA:5,0
LF:2
LH:0
BRF:0
BRH:0
end_of_record
